<?xml version="1.0" encoding="UTF-8"?>
<!-- Generated by org.testng.reporters.JUnitXMLReporter -->
<testsuite hostname="asd1545po01976" name="Default test" tests="13" failures="1" timestamp="20 Jun 2018 12:29:28 GMT" time="8.616" errors="0">
  <testcase name="test_grid_red_box" time="1.618" classname="com.qait.automation.Tatocautomation.Alltest"/>
  <testcase name="test_grid_green_box" time="0.247" classname="com.qait.automation.Tatocautomation.Alltest"/>
  <testcase name="test_without_repaint_box" time="0.291" classname="com.qait.automation.Tatocautomation.Alltest"/>
  <testcase name="test_repaint_box" time="3.172" classname="com.qait.automation.Tatocautomation.Alltest"/>
  <testcase name="test_click_proceed_without_draging" time="0.173" classname="com.qait.automation.Tatocautomation.Alltest"/>
  <testcase name="test_dragbox_to_somewhere" time="0.25" classname="com.qait.automation.Tatocautomation.Alltest"/>
  <testcase name="test_dragbox_in_dropbox" time="0.276" classname="com.qait.automation.Tatocautomation.Alltest"/>
  <testcase name="test_proceed_without_launching_window" time="0.179" classname="com.qait.automation.Tatocautomation.Alltest"/>
  <testcase name="test_leave_popup_window_textfield_empty_and_proceed" time="0.406" classname="com.qait.automation.Tatocautomation.Alltest"/>
  <testcase name="test_launch_window_enter_text_proceed" time="0.411" classname="com.qait.automation.Tatocautomation.Alltest"/>
  <testcase name="test_proceed_without_generating_token" time="0.17" classname="com.qait.automation.Tatocautomation.Alltest"/>
  <testcase name="test_proceed_with_generating_token_but_not_adding_cookie" time="0.274" classname="com.qait.automation.Tatocautomation.Alltest"/>
  <testcase name="test_proceed_with_generating_token_adding_cookie" time="0.258" classname="com.qait.automation.Tatocautomation.Alltest">
    <failure type="java.lang.AssertionError" message="expected [true] but found [false]">
      <![CDATA[java.lang.AssertionError: expected [true] but found [false]
	at org.testng.Assert.fail(Assert.java:94)
	at org.testng.Assert.failNotEquals(Assert.java:494)
	at org.testng.Assert.assertTrue(Assert.java:42)
	at org.testng.Assert.assertTrue(Assert.java:52)
	at com.qait.automation.Tatocautomation.Alltest.test_proceed_with_generating_token_adding_cookie(Alltest.java:118)
	at sun.reflect.NativeMethodAccessorImpl.invoke0(Native Method)
	at sun.reflect.NativeMethodAccessorImpl.invoke(NativeMethodAccessorImpl.java:62)
	at sun.reflect.DelegatingMethodAccessorImpl.invoke(DelegatingMethodAccessorImpl.java:43)
	at java.lang.reflect.Method.invoke(Method.java:498)
	at org.testng.internal.MethodInvocationHelper.invokeMethod(MethodInvocationHelper.java:80)
	at org.testng.internal.Invoker.invokeMethod(Invoker.java:714)
	at org.testng.internal.Invoker.invokeTestMethod(Invoker.java:901)
	at org.testng.internal.Invoker.invokeTestMethods(Invoker.java:1231)
	at org.testng.internal.TestMethodWorker.invokeTestMethods(TestMethodWorker.java:127)
	at org.testng.internal.TestMethodWorker.run(TestMethodWorker.java:111)
	at org.testng.TestRunner.privateRun(TestRunner.java:767)
	at org.testng.TestRunner.run(TestRunner.java:617)
	at org.testng.SuiteRunner.runTest(SuiteRunner.java:334)
	at org.testng.SuiteRunner.runSequentially(SuiteRunner.java:329)
	at org.testng.SuiteRunner.privateRun(SuiteRunner.java:291)
	at org.testng.SuiteRunner.run(SuiteRunner.java:240)
	at org.testng.SuiteRunnerWorker.runSuite(SuiteRunnerWorker.java:52)
	at org.testng.SuiteRunnerWorker.run(SuiteRunnerWorker.java:86)
	at org.testng.TestNG.runSuitesSequentially(TestNG.java:1198)
	at org.testng.TestNG.runSuitesLocally(TestNG.java:1123)
	at org.testng.TestNG.run(TestNG.java:1031)
	at org.testng.remote.AbstractRemoteTestNG.run(AbstractRemoteTestNG.java:114)
	at org.testng.remote.RemoteTestNG.initAndRun(RemoteTestNG.java:251)
	at org.testng.remote.RemoteTestNG.main(RemoteTestNG.java:77)
]]>
    </failure>
  </testcase> <!-- test_proceed_with_generating_token_adding_cookie -->
</testsuite> <!-- Default test -->
