<?xml version="1.0" encoding="UTF-8"?>
<testng-results skipped="0" failed="1" total="13" passed="12">
  <reporter-output>
  </reporter-output>
  <suite name="Default suite" duration-ms="8616" started-at="2018-06-20T12:29:19Z" finished-at="2018-06-20T12:29:28Z">
    <groups>
    </groups>
    <test name="Default test" duration-ms="8616" started-at="2018-06-20T12:29:19Z" finished-at="2018-06-20T12:29:28Z">
      <class name="com.qait.automation.Tatocautomation.Alltest">
        <test-method status="PASS" signature="start()[pri:0, instance:com.qait.automation.Tatocautomation.Alltest@2a5ca609]" name="start" is-config="true" duration-ms="804" started-at="2018-06-20T17:59:19Z" finished-at="2018-06-20T17:59:20Z">
          <reporter-output>
          </reporter-output>
        </test-method> <!-- start -->
        <test-method status="PASS" signature="test_grid_red_box()[pri:0, instance:com.qait.automation.Tatocautomation.Alltest@2a5ca609]" name="test_grid_red_box" duration-ms="1618" started-at="2018-06-20T17:59:20Z" finished-at="2018-06-20T17:59:21Z">
          <reporter-output>
          </reporter-output>
        </test-method> <!-- test_grid_red_box -->
        <test-method status="PASS" signature="test_grid_green_box()[pri:0, instance:com.qait.automation.Tatocautomation.Alltest@2a5ca609]" name="test_grid_green_box" duration-ms="247" started-at="2018-06-20T17:59:21Z" depends-on-methods="com.qait.automation.Tatocautomation.Alltest.test_grid_red_box" finished-at="2018-06-20T17:59:22Z">
          <reporter-output>
          </reporter-output>
        </test-method> <!-- test_grid_green_box -->
        <test-method status="PASS" signature="test_without_repaint_box()[pri:0, instance:com.qait.automation.Tatocautomation.Alltest@2a5ca609]" name="test_without_repaint_box" duration-ms="291" started-at="2018-06-20T17:59:22Z" depends-on-methods="com.qait.automation.Tatocautomation.Alltest.test_grid_green_box" finished-at="2018-06-20T17:59:22Z">
          <reporter-output>
          </reporter-output>
        </test-method> <!-- test_without_repaint_box -->
        <test-method status="PASS" signature="test_repaint_box()[pri:0, instance:com.qait.automation.Tatocautomation.Alltest@2a5ca609]" name="test_repaint_box" duration-ms="3172" started-at="2018-06-20T17:59:22Z" depends-on-methods="com.qait.automation.Tatocautomation.Alltest.test_without_repaint_box" finished-at="2018-06-20T17:59:25Z">
          <reporter-output>
          </reporter-output>
        </test-method> <!-- test_repaint_box -->
        <test-method status="PASS" signature="test_click_proceed_without_draging()[pri:0, instance:com.qait.automation.Tatocautomation.Alltest@2a5ca609]" name="test_click_proceed_without_draging" duration-ms="173" started-at="2018-06-20T17:59:25Z" depends-on-methods="com.qait.automation.Tatocautomation.Alltest.test_repaint_box" finished-at="2018-06-20T17:59:25Z">
          <reporter-output>
          </reporter-output>
        </test-method> <!-- test_click_proceed_without_draging -->
        <test-method status="PASS" signature="test_dragbox_to_somewhere()[pri:0, instance:com.qait.automation.Tatocautomation.Alltest@2a5ca609]" name="test_dragbox_to_somewhere" duration-ms="250" started-at="2018-06-20T17:59:25Z" depends-on-methods="com.qait.automation.Tatocautomation.Alltest.test_click_proceed_without_draging" finished-at="2018-06-20T17:59:25Z">
          <reporter-output>
          </reporter-output>
        </test-method> <!-- test_dragbox_to_somewhere -->
        <test-method status="PASS" signature="test_dragbox_in_dropbox()[pri:0, instance:com.qait.automation.Tatocautomation.Alltest@2a5ca609]" name="test_dragbox_in_dropbox" duration-ms="276" started-at="2018-06-20T17:59:25Z" depends-on-methods="com.qait.automation.Tatocautomation.Alltest.test_dragbox_to_somewhere" finished-at="2018-06-20T17:59:26Z">
          <reporter-output>
          </reporter-output>
        </test-method> <!-- test_dragbox_in_dropbox -->
        <test-method status="PASS" signature="test_proceed_without_launching_window()[pri:0, instance:com.qait.automation.Tatocautomation.Alltest@2a5ca609]" name="test_proceed_without_launching_window" duration-ms="179" started-at="2018-06-20T17:59:26Z" depends-on-methods="com.qait.automation.Tatocautomation.Alltest.test_dragbox_in_dropbox" finished-at="2018-06-20T17:59:26Z">
          <reporter-output>
          </reporter-output>
        </test-method> <!-- test_proceed_without_launching_window -->
        <test-method status="PASS" signature="test_leave_popup_window_textfield_empty_and_proceed()[pri:0, instance:com.qait.automation.Tatocautomation.Alltest@2a5ca609]" name="test_leave_popup_window_textfield_empty_and_proceed" duration-ms="406" started-at="2018-06-20T17:59:26Z" depends-on-methods="com.qait.automation.Tatocautomation.Alltest.test_proceed_without_launching_window" finished-at="2018-06-20T17:59:26Z">
          <reporter-output>
          </reporter-output>
        </test-method> <!-- test_leave_popup_window_textfield_empty_and_proceed -->
        <test-method status="PASS" signature="test_launch_window_enter_text_proceed()[pri:0, instance:com.qait.automation.Tatocautomation.Alltest@2a5ca609]" name="test_launch_window_enter_text_proceed" duration-ms="411" started-at="2018-06-20T17:59:26Z" depends-on-methods="com.qait.automation.Tatocautomation.Alltest.test_leave_popup_window_textfield_empty_and_proceed" finished-at="2018-06-20T17:59:27Z">
          <reporter-output>
          </reporter-output>
        </test-method> <!-- test_launch_window_enter_text_proceed -->
        <test-method status="PASS" signature="test_proceed_without_generating_token()[pri:0, instance:com.qait.automation.Tatocautomation.Alltest@2a5ca609]" name="test_proceed_without_generating_token" duration-ms="170" started-at="2018-06-20T17:59:27Z" depends-on-methods="com.qait.automation.Tatocautomation.Alltest.test_launch_window_enter_text_proceed" finished-at="2018-06-20T17:59:27Z">
          <reporter-output>
          </reporter-output>
        </test-method> <!-- test_proceed_without_generating_token -->
        <test-method status="PASS" signature="test_proceed_with_generating_token_but_not_adding_cookie()[pri:0, instance:com.qait.automation.Tatocautomation.Alltest@2a5ca609]" name="test_proceed_with_generating_token_but_not_adding_cookie" duration-ms="274" started-at="2018-06-20T17:59:27Z" depends-on-methods="com.qait.automation.Tatocautomation.Alltest.test_proceed_without_generating_token" finished-at="2018-06-20T17:59:27Z">
          <reporter-output>
          </reporter-output>
        </test-method> <!-- test_proceed_with_generating_token_but_not_adding_cookie -->
        <test-method status="FAIL" signature="test_proceed_with_generating_token_adding_cookie()[pri:0, instance:com.qait.automation.Tatocautomation.Alltest@2a5ca609]" name="test_proceed_with_generating_token_adding_cookie" duration-ms="258" started-at="2018-06-20T17:59:27Z" depends-on-methods="com.qait.automation.Tatocautomation.Alltest.test_proceed_with_generating_token_but_not_adding_cookie" finished-at="2018-06-20T17:59:27Z">
          <exception class="java.lang.AssertionError">
            <message>
              <![CDATA[expected [true] but found [false]]]>
            </message>
            <full-stacktrace>
              <![CDATA[java.lang.AssertionError: expected [true] but found [false]
	at org.testng.Assert.fail(Assert.java:94)
	at org.testng.Assert.failNotEquals(Assert.java:494)
	at org.testng.Assert.assertTrue(Assert.java:42)
	at org.testng.Assert.assertTrue(Assert.java:52)
	at com.qait.automation.Tatocautomation.Alltest.test_proceed_with_generating_token_adding_cookie(Alltest.java:118)
	at sun.reflect.NativeMethodAccessorImpl.invoke0(Native Method)
	at sun.reflect.NativeMethodAccessorImpl.invoke(NativeMethodAccessorImpl.java:62)
	at sun.reflect.DelegatingMethodAccessorImpl.invoke(DelegatingMethodAccessorImpl.java:43)
	at java.lang.reflect.Method.invoke(Method.java:498)
	at org.testng.internal.MethodInvocationHelper.invokeMethod(MethodInvocationHelper.java:80)
	at org.testng.internal.Invoker.invokeMethod(Invoker.java:714)
	at org.testng.internal.Invoker.invokeTestMethod(Invoker.java:901)
	at org.testng.internal.Invoker.invokeTestMethods(Invoker.java:1231)
	at org.testng.internal.TestMethodWorker.invokeTestMethods(TestMethodWorker.java:127)
	at org.testng.internal.TestMethodWorker.run(TestMethodWorker.java:111)
	at org.testng.TestRunner.privateRun(TestRunner.java:767)
	at org.testng.TestRunner.run(TestRunner.java:617)
	at org.testng.SuiteRunner.runTest(SuiteRunner.java:334)
	at org.testng.SuiteRunner.runSequentially(SuiteRunner.java:329)
	at org.testng.SuiteRunner.privateRun(SuiteRunner.java:291)
	at org.testng.SuiteRunner.run(SuiteRunner.java:240)
	at org.testng.SuiteRunnerWorker.runSuite(SuiteRunnerWorker.java:52)
	at org.testng.SuiteRunnerWorker.run(SuiteRunnerWorker.java:86)
	at org.testng.TestNG.runSuitesSequentially(TestNG.java:1198)
	at org.testng.TestNG.runSuitesLocally(TestNG.java:1123)
	at org.testng.TestNG.run(TestNG.java:1031)
	at org.testng.remote.AbstractRemoteTestNG.run(AbstractRemoteTestNG.java:114)
	at org.testng.remote.RemoteTestNG.initAndRun(RemoteTestNG.java:251)
	at org.testng.remote.RemoteTestNG.main(RemoteTestNG.java:77)
]]>
            </full-stacktrace>
          </exception> <!-- java.lang.AssertionError -->
          <reporter-output>
          </reporter-output>
        </test-method> <!-- test_proceed_with_generating_token_adding_cookie -->
        <test-method status="PASS" signature="end()[pri:0, instance:com.qait.automation.Tatocautomation.Alltest@2a5ca609]" name="end" is-config="true" duration-ms="62" started-at="2018-06-20T17:59:27Z" finished-at="2018-06-20T17:59:28Z">
          <reporter-output>
          </reporter-output>
        </test-method> <!-- end -->
      </class> <!-- com.qait.automation.Tatocautomation.Alltest -->
    </test> <!-- Default test -->
  </suite> <!-- Default suite -->
</testng-results>
